# JRE version: Java(TM) SE Runtime Environment 18.9 (11.0.11+9) (build 11.0.11+9-LTS-194)
# Java VM: Java HotSpot(TM) 64-Bit Server VM 18.9 (11.0.11+9-LTS-194, mixed mode, tiered, compressed oops, g1 gc, windows-amd64)
Heap:
 garbage-first heap   total 262144K, used 14147K [0x0000000700000000, 0x0000000800000000)
  region size 1024K, 12 young (12288K), 4 survivors (4096K)
 Metaspace       used 20057K, capacity 20750K, committed 20864K, reserved 1067008K
  class space    used 2331K, capacity 2608K, committed 2688K, reserved 1048576K
GC Heap History (6 events):
Event: 0.974 GC heap before
{Heap before GC invocations=0 (full 0):
 garbage-first heap   total 262144K, used 14336K [0x0000000700000000, 0x0000000800000000)
  region size 1024K, 14 young (14336K), 0 survivors (0K)
 Metaspace       used 8476K, capacity 8650K, committed 8832K, reserved 1056768K
  class space    used 814K, capacity 847K, committed 896K, reserved 1048576K
}
Event: 0.989 GC heap after
{Heap after GC invocations=1 (full 0):
 garbage-first heap   total 262144K, used 4347K [0x0000000700000000, 0x0000000800000000)
  region size 1024K, 2 young (2048K), 2 survivors (2048K)
 Metaspace       used 8476K, capacity 8650K, committed 8832K, reserved 1056768K
  class space    used 814K, capacity 847K, committed 896K, reserved 1048576K
}
Event: 1.326 GC heap before
{Heap before GC invocations=1 (full 0):
 garbage-first heap   total 262144K, used 14587K [0x0000000700000000, 0x0000000800000000)
  region size 1024K, 12 young (12288K), 2 survivors (2048K)
 Metaspace       used 13012K, capacity 13298K, committed 13568K, reserved 1060864K
  class space    used 1335K, capacity 1438K, committed 1536K, reserved 1048576K
}
Event: 1.330 GC heap after
{Heap after GC invocations=2 (full 0):
 garbage-first heap   total 262144K, used 6024K [0x0000000700000000, 0x0000000800000000)
  region size 1024K, 2 young (2048K), 2 survivors (2048K)
 Metaspace       used 13012K, capacity 13298K, committed 13568K, reserved 1060864K
  class space    used 1335K, capacity 1438K, committed 1536K, reserved 1048576K
}
Event: 1.815 GC heap before
{Heap before GC invocations=2 (full 0):
 garbage-first heap   total 262144K, used 33672K [0x0000000700000000, 0x0000000800000000)
  region size 1024K, 29 young (29696K), 2 survivors (2048K)
 Metaspace       used 18853K, capacity 19544K, committed 19584K, reserved 1067008K
  class space    used 2127K, capacity 2397K, committed 2432K, reserved 1048576K
}
Event: 1.820 GC heap after
{Heap after GC invocations=3 (full 0):
 garbage-first heap   total 262144K, used 8003K [0x0000000700000000, 0x0000000800000000)
  region size 1024K, 4 young (4096K), 4 survivors (4096K)
 Metaspace       used 18853K, capacity 19544K, committed 19584K, reserved 1067008K
  class space    used 2127K, capacity 2397K, committed 2432K, reserved 1048576K
}

