# JRE version: Java(TM) SE Runtime Environment 18.9 (11.0.11+9) (build 11.0.11+9-LTS-194)
# Java VM: Java HotSpot(TM) 64-Bit Server VM 18.9 (11.0.11+9-LTS-194, mixed mode, tiered, compressed oops, g1 gc, windows-amd64)
Heap:
 garbage-first heap   total 262144K, used 15472K [0x0000000700000000, 0x0000000800000000)
  region size 1024K, 12 young (12288K), 4 survivors (4096K)
 Metaspace       used 20021K, capacity 20686K, committed 20864K, reserved 1067008K
  class space    used 2326K, capacity 2608K, committed 2688K, reserved 1048576K
GC Heap History (6 events):
Event: 0.753 GC heap before
{Heap before GC invocations=0 (full 0):
 garbage-first heap   total 262144K, used 14336K [0x0000000700000000, 0x0000000800000000)
  region size 1024K, 14 young (14336K), 0 survivors (0K)
 Metaspace       used 8326K, capacity 8472K, committed 8576K, reserved 1056768K
  class space    used 791K, capacity 830K, committed 896K, reserved 1048576K
}
Event: 0.770 GC heap after
{Heap after GC invocations=1 (full 0):
 garbage-first heap   total 262144K, used 4609K [0x0000000700000000, 0x0000000800000000)
  region size 1024K, 2 young (2048K), 2 survivors (2048K)
 Metaspace       used 8326K, capacity 8472K, committed 8576K, reserved 1056768K
  class space    used 791K, capacity 830K, committed 896K, reserved 1048576K
}
Event: 1.064 GC heap before
{Heap before GC invocations=1 (full 0):
 garbage-first heap   total 262144K, used 15873K [0x0000000700000000, 0x0000000800000000)
  region size 1024K, 13 young (13312K), 2 survivors (2048K)
 Metaspace       used 13042K, capacity 13375K, committed 13568K, reserved 1060864K
  class space    used 1329K, capacity 1441K, committed 1536K, reserved 1048576K
}
Event: 1.068 GC heap after
{Heap after GC invocations=2 (full 0):
 garbage-first heap   total 262144K, used 6465K [0x0000000700000000, 0x0000000800000000)
  region size 1024K, 2 young (2048K), 2 survivors (2048K)
 Metaspace       used 13042K, capacity 13375K, committed 13568K, reserved 1060864K
  class space    used 1329K, capacity 1441K, committed 1536K, reserved 1048576K
}
Event: 1.607 GC heap before
{Heap before GC invocations=2 (full 0):
 garbage-first heap   total 262144K, used 34113K [0x0000000700000000, 0x0000000800000000)
  region size 1024K, 29 young (29696K), 2 survivors (2048K)
 Metaspace       used 18842K, capacity 19471K, committed 19584K, reserved 1067008K
  class space    used 2124K, capacity 2394K, committed 2432K, reserved 1048576K
}
Event: 1.612 GC heap after
{Heap after GC invocations=3 (full 0):
 garbage-first heap   total 262144K, used 8304K [0x0000000700000000, 0x0000000800000000)
  region size 1024K, 4 young (4096K), 4 survivors (4096K)
 Metaspace       used 18842K, capacity 19471K, committed 19584K, reserved 1067008K
  class space    used 2124K, capacity 2394K, committed 2432K, reserved 1048576K
}

